<?xml version="1.0" encoding="UTF-8"?>
<!-- Generated by org.testng.reporters.JUnitXMLReporter -->
<testsuite hostname="Nirmal-PC" ignored="0" name="Feedback And Insights" tests="1" failures="1" timestamp="02 May 2017 14:11:23 GMT" time="69.765" errors="0">
  <testcase name="POPUP_ContactName" time="47.764" classname="automationFramework.FeedbackAndInsightsTest">
    <failure type="java.lang.AssertionError" message="The following asserts failed:
	expected [true] but found [false]">
      <![CDATA[java.lang.AssertionError: The following asserts failed:
	expected [true] but found [false]
	at automationFramework.FeedbackAndInsightsTest.POPUP_ContactName(FeedbackAndInsightsTest.java:274)
... Removed 26 stack frames]]>
    </failure>
  </testcase> <!-- POPUP_ContactName -->
</testsuite> <!-- Feedback And Insights -->
