<?xml version="1.0" encoding="UTF-8"?>
<!-- Generated by org.testng.reporters.JUnitXMLReporter -->
<testsuite hostname="Nirmal-PC" ignored="0" name="Feedback And Insights Cancel Link" tests="1" failures="1" timestamp="09 May 2017 09:02:12 GMT" time="123.674" errors="0">
  <testcase name="SelectingMultipleTopic" time="110.46" classname="automationFramework.CancelLinkOnFeedback">
    <failure type="java.lang.AssertionError" message="The following asserts failed:
	expected [true] but found [false]">
      <![CDATA[java.lang.AssertionError: The following asserts failed:
	expected [true] but found [false]
	at automationFramework.CancelLinkOnFeedback.SelectingMultipleTopic(CancelLinkOnFeedback.java:498)
... Removed 26 stack frames]]>
    </failure>
  </testcase> <!-- SelectingMultipleTopic -->
</testsuite> <!-- Feedback And Insights Cancel Link -->
