<?xml version="1.0" encoding="UTF-8"?>
<!-- Generated by org.testng.reporters.JUnitXMLReporter -->
<testsuite hostname="Nirmal-PC" ignored="0" name="Sign in" tests="8" failures="0" timestamp="27 Apr 2017 06:43:53 GMT" time="5.007" errors="0">
  <testcase name="@BeforeClass launchBrowser" time="4.957" classname="automationFramework.ExistingUserSignInTest">
    <failure type="org.openqa.selenium.WebDriverException" message="unknown error: cannot get automation extension
from chrome not reachable
  (Session info: chrome=58.0.3029.81)
  (Driver info: chromedriver=2.29.461591 (62ebf098771772160f391d75e589dc567915b233),platform=Windows NT 6.1.7601 SP1 x86) (WARNING: The server did not provide any stacktrace information)
Command duration or timeout: 251 milliseconds
Build info: version: &amp;apos;3.3.1&amp;apos;, revision: &amp;apos;5234b32&amp;apos;, time: &amp;apos;2017-03-10 09:04:52 -0800&amp;apos;
System info: host: &amp;apos;NIRMAL-PC&amp;apos;, ip: &amp;apos;192.168.56.1&amp;apos;, os.name: &amp;apos;Windows 7&amp;apos;, os.arch: &amp;apos;x86&amp;apos;, os.version: &amp;apos;6.1&amp;apos;, java.version: &amp;apos;1.8.0_121&amp;apos;
Driver info: org.openqa.selenium.chrome.ChromeDriver
Capabilities [{applicationCacheEnabled=false, rotatable=false, mobileEmulationEnabled=false, networkConnectionEnabled=false, chrome={chromedriverVersion=2.29.461591 (62ebf098771772160f391d75e589dc567915b233), userDataDir=C:\Users\INNOVA~1\AppData\Local\Temp\scoped_dir4264_7854}, takesHeapSnapshot=true, pageLoadStrategy=normal, databaseEnabled=false, handlesAlerts=true, hasTouchScreen=false, version=58.0.3029.81, platform=XP, browserConnectionEnabled=false, nativeEvents=true, acceptSslCerts=true, locationContextEnabled=true, webStorageEnabled=true, browserName=chrome, takesScreenshot=true, javascriptEnabled=true, cssSelectorsEnabled=true, unexpectedAlertBehaviour=}]
Session ID: 194f27bf4e8aca5db7c9e99ba1febfb2">
      <![CDATA[org.openqa.selenium.WebDriverException: unknown error: cannot get automation extension
from chrome not reachable
  (Session info: chrome=58.0.3029.81)
  (Driver info: chromedriver=2.29.461591 (62ebf098771772160f391d75e589dc567915b233),platform=Windows NT 6.1.7601 SP1 x86) (WARNING: The server did not provide any stacktrace information)
Command duration or timeout: 251 milliseconds
Build info: version: '3.3.1', revision: '5234b32', time: '2017-03-10 09:04:52 -0800'
System info: host: 'NIRMAL-PC', ip: '192.168.56.1', os.name: 'Windows 7', os.arch: 'x86', os.version: '6.1', java.version: '1.8.0_121'
Driver info: org.openqa.selenium.chrome.ChromeDriver
Capabilities [{applicationCacheEnabled=false, rotatable=false, mobileEmulationEnabled=false, networkConnectionEnabled=false, chrome={chromedriverVersion=2.29.461591 (62ebf098771772160f391d75e589dc567915b233), userDataDir=C:\Users\INNOVA~1\AppData\Local\Temp\scoped_dir4264_7854}, takesHeapSnapshot=true, pageLoadStrategy=normal, databaseEnabled=false, handlesAlerts=true, hasTouchScreen=false, version=58.0.3029.81, platform=XP, browserConnectionEnabled=false, nativeEvents=true, acceptSslCerts=true, locationContextEnabled=true, webStorageEnabled=true, browserName=chrome, takesScreenshot=true, javascriptEnabled=true, cssSelectorsEnabled=true, unexpectedAlertBehaviour=}]
Session ID: 194f27bf4e8aca5db7c9e99ba1febfb2
	at org.openqa.selenium.remote.ErrorHandler.createThrowable(ErrorHandler.java:216)
	at org.openqa.selenium.remote.ErrorHandler.throwIfResponseFailed(ErrorHandler.java:168)
	at org.openqa.selenium.remote.RemoteWebDriver.execute(RemoteWebDriver.java:638)
	at org.openqa.selenium.remote.RemoteWebDriver.execute(RemoteWebDriver.java:661)
	at org.openqa.selenium.remote.RemoteWebDriver$RemoteWebDriverOptions$RemoteWindow.maximize(RemoteWebDriver.java:895)
	at automationFramework.ExistingUserSignInTest.launchBrowser(ExistingUserSignInTest.java:60)
... Removed 29 stack frames]]>
    </failure>
  </testcase> <!-- @BeforeClass launchBrowser -->
  <testcase name="@AfterClass closeBrowser" time="0.0" classname="automationFramework.ExistingUserSignInTest">
    <skipped/>
  </testcase> <!-- @AfterClass closeBrowser -->
  <testcase name="SigninwithInvalidEmailID" time="0.001" classname="automationFramework.ExistingUserSignInTest">
    <skipped/>
  </testcase> <!-- SigninwithInvalidEmailID -->
  <testcase name="nonExistingUserLogin" time="0.0" classname="automationFramework.ExistingUserSignInTest">
    <skipped/>
  </testcase> <!-- nonExistingUserLogin -->
  <testcase name="validEmailAndInvalidPassword" time="0.0" classname="automationFramework.ExistingUserSignInTest">
    <skipped/>
  </testcase> <!-- validEmailAndInvalidPassword -->
  <testcase name="validEmailAndEmptyPassword" time="0.0" classname="automationFramework.ExistingUserSignInTest">
    <skipped/>
  </testcase> <!-- validEmailAndEmptyPassword -->
  <testcase name="EmptyEmailAndEmptyPassword" time="0.0" classname="automationFramework.ExistingUserSignInTest">
    <skipped/>
  </testcase> <!-- EmptyEmailAndEmptyPassword -->
  <testcase name="ForgotPasswardWorking" time="0.0" classname="automationFramework.ExistingUserSignInTest">
    <skipped/>
  </testcase> <!-- ForgotPasswardWorking -->
  <testcase name="SignUpLinkWorking" time="0.0" classname="automationFramework.ExistingUserSignInTest">
    <skipped/>
  </testcase> <!-- SignUpLinkWorking -->
  <testcase name="SigninwithvalidEmailIDandPassword" time="0.0" classname="automationFramework.ExistingUserSignInTest">
    <skipped/>
  </testcase> <!-- SigninwithvalidEmailIDandPassword -->
</testsuite> <!-- Sign in -->
