<?xml version="1.0" encoding="UTF-8"?>
<!-- Generated by org.testng.reporters.JUnitXMLReporter -->
<testsuite hostname="Nirmal-PC" ignored="0" name="Sign in" tests="8" failures="1" timestamp="26 Apr 2017 13:53:51 GMT" time="57.803" errors="0">
  <testcase name="SigninwithInvalidEmailID" time="4.527" classname="automationFramework.ExistingUserSignInTest"/>
  <testcase name="nonExistingUserLogin" time="4.366" classname="automationFramework.ExistingUserSignInTest"/>
  <testcase name="validEmailAndInvalidPassword" time="4.042" classname="automationFramework.ExistingUserSignInTest"/>
  <testcase name="validEmailAndEmptyPassword" time="3.585" classname="automationFramework.ExistingUserSignInTest"/>
  <testcase name="EmptyEmailAndEmptyPassword" time="3.747" classname="automationFramework.ExistingUserSignInTest"/>
  <testcase name="ForgotPasswardWorking" time="5.633" classname="automationFramework.ExistingUserSignInTest"/>
  <testcase name="SignUpLinkWorking" time="8.327" classname="automationFramework.ExistingUserSignInTest"/>
  <testcase name="SigninwithvalidEmailIDandPassword" time="7.138" classname="automationFramework.ExistingUserSignInTest">
    <failure type="java.lang.AssertionError" message="The following asserts failed:
	expected [true] but found [false]">
      <![CDATA[java.lang.AssertionError: The following asserts failed:
	expected [true] but found [false]
	at automationFramework.ExistingUserSignInTest.SigninwithvalidEmailIDandPassword(ExistingUserSignInTest.java:103)
... Removed 26 stack frames]]>
    </failure>
  </testcase> <!-- SigninwithvalidEmailIDandPassword -->
</testsuite> <!-- Sign in -->
