<?xml version="1.0" encoding="utf-8" ?>
<!DOCTYPE html PUBLIC "-//W3C//DTD XHTML 1.0 Strict//EN"
        "http://www.w3.org/TR/xhtml1/DTD/xhtml1-strict.dtd">
<html xmlns="http://www.w3.org/1999/xhtml" xml:lang="" lang="">
<head>
  <title>Test Results Report - Sending Mail</title>
  <meta http-equiv="Content-Type" content="text/html;charset=utf-8" />
  <meta name="description" content="TestNG unit test results." />
  <link href="reportng.css" rel="stylesheet" type="text/css" />
    <script type="text/javascript" src="reportng.js"></script>
</head>
<body>
<h1>Sending Mail</h1>
<p>
  Test duration: 2.593s
</p>



  <table class="resultsTable">
    <tr><th colspan="3" class="header failed">Failed Tests</th></tr>
          <tr>
        <td colspan="3" class="group">automationFramework.Mail</td>
      </tr>
            
<tr>
  <td class="method">
                  mail
      </td>
  <td class="duration">
    2.593s
  </td>
  <td class="result">
        
    
        

        <a href="javascript:toggleElement('exception-0', 'block')" title="Click to expand/collapse"><b>java.lang.RuntimeException: javax.mail.AuthenticationFailedException: 534-5.7.14 &lt;https://accounts.google.com/signin/continue?sarp=1&amp;scc=1&amp;plt=AKgnsbuI<br/>
534-5.7.14 nO8PFTywoSTdTpLlmynNjNyENEY0bx-UkGudyg0NtNUJK7ICxzaSNty6h9fmPAuktZwrjM<br/>
534-5.7.14 0U0r7-HiY4Mu91T3nntMNMb0recgDIV9Wpg4g-fz4K7CJP-cFj2XtM26dtRNQImBpXzRs4<br/>
534-5.7.14 fHvoHpviIgJX0t2mUE_epAfeq2_NhKta0rQ_n0VfWZUnHmTyKzQfK2y37OY0FWMM9aeyga<br/>
534-5.7.14 kyp0KOVga58X9UBnXKVhoSrlgwwGw&gt; Please log in via your web browser and<br/>
534-5.7.14 then try again.<br/>
534-5.7.14&nbsp; Learn more at<br/>
534 5.7.14&nbsp; https://support.google.com/mail/answer/78754 m4sm2664155pgm.25 - gsmtp<br/>
</b></a><br />
    <div class="stackTrace" id="exception-0">
              automationFramework.Mail.sendEmail(Mail.java:93)<br />
              automationFramework.Mail.mail(Mail.java:33)<br />
              sun.reflect.NativeMethodAccessorImpl.invoke0(Native Method)<br />
              sun.reflect.NativeMethodAccessorImpl.invoke(Unknown Source)<br />
              sun.reflect.DelegatingMethodAccessorImpl.invoke(Unknown Source)<br />
              java.lang.reflect.Method.invoke(Unknown Source)<br />
              org.testng.internal.MethodInvocationHelper.invokeMethod(MethodInvocationHelper.java:85)<br />
              org.testng.internal.Invoker.invokeMethod(Invoker.java:639)<br />
              org.testng.internal.Invoker.invokeTestMethod(Invoker.java:816)<br />
              org.testng.internal.Invoker.invokeTestMethods(Invoker.java:1124)<br />
              org.testng.internal.TestMethodWorker.invokeTestMethods(TestMethodWorker.java:125)<br />
              org.testng.internal.TestMethodWorker.run(TestMethodWorker.java:108)<br />
              org.testng.TestRunner.privateRun(TestRunner.java:774)<br />
              org.testng.TestRunner.run(TestRunner.java:624)<br />
              org.testng.SuiteRunner.runTest(SuiteRunner.java:359)<br />
              org.testng.SuiteRunner.runSequentially(SuiteRunner.java:354)<br />
              org.testng.SuiteRunner.privateRun(SuiteRunner.java:312)<br />
              org.testng.SuiteRunner.run(SuiteRunner.java:261)<br />
              org.testng.SuiteRunnerWorker.runSuite(SuiteRunnerWorker.java:52)<br />
              org.testng.SuiteRunnerWorker.run(SuiteRunnerWorker.java:86)<br />
              org.testng.TestNG.runSuitesSequentially(TestNG.java:1215)<br />
              org.testng.TestNG.runSuitesLocally(TestNG.java:1140)<br />
              org.testng.TestNG.run(TestNG.java:1048)<br />
              org.testng.TestNG.privateMain(TestNG.java:1355)<br />
              org.testng.TestNG.main(TestNG.java:1324)<br />
                    <b>Caused by: </b> <a href="javascript:toggleElement('exception-1', 'block')" title="Click to expand/collapse">javax.mail.AuthenticationFailedException: 534-5.7.14 &lt;https://accounts.google.com/signin/continue?sarp=1&amp;scc=1&amp;plt=AKgnsbuI<br/>
534-5.7.14 nO8PFTywoSTdTpLlmynNjNyENEY0bx-UkGudyg0NtNUJK7ICxzaSNty6h9fmPAuktZwrjM<br/>
534-5.7.14 0U0r7-HiY4Mu91T3nntMNMb0recgDIV9Wpg4g-fz4K7CJP-cFj2XtM26dtRNQImBpXzRs4<br/>
534-5.7.14 fHvoHpviIgJX0t2mUE_epAfeq2_NhKta0rQ_n0VfWZUnHmTyKzQfK2y37OY0FWMM9aeyga<br/>
534-5.7.14 kyp0KOVga58X9UBnXKVhoSrlgwwGw&gt; Please log in via your web browser and<br/>
534-5.7.14 then try again.<br/>
534-5.7.14&nbsp; Learn more at<br/>
534 5.7.14&nbsp; https://support.google.com/mail/answer/78754 m4sm2664155pgm.25 - gsmtp<br/>
</a><br />
        <div class="stackTrace" id="exception-1">
                      com.sun.mail.smtp.SMTPTransport$Authenticator.authenticate(SMTPTransport.java:826)<br />
                      com.sun.mail.smtp.SMTPTransport.authenticate(SMTPTransport.java:761)<br />
                      com.sun.mail.smtp.SMTPTransport.protocolConnect(SMTPTransport.java:685)<br />
                      javax.mail.Service.connect(Service.java:317)<br />
                      javax.mail.Service.connect(Service.java:176)<br />
                      javax.mail.Service.connect(Service.java:125)<br />
                      javax.mail.Transport.send0(Transport.java:253)<br />
                      javax.mail.Transport.send(Transport.java:124)<br />
                      automationFramework.Mail.sendEmail(Mail.java:88)<br />
                      automationFramework.Mail.mail(Mail.java:33)<br />
                      sun.reflect.NativeMethodAccessorImpl.invoke0(Native Method)<br />
                      sun.reflect.NativeMethodAccessorImpl.invoke(Unknown Source)<br />
                      sun.reflect.DelegatingMethodAccessorImpl.invoke(Unknown Source)<br />
                      java.lang.reflect.Method.invoke(Unknown Source)<br />
                      org.testng.internal.MethodInvocationHelper.invokeMethod(MethodInvocationHelper.java:85)<br />
                      org.testng.internal.Invoker.invokeMethod(Invoker.java:639)<br />
                      org.testng.internal.Invoker.invokeTestMethod(Invoker.java:816)<br />
                      org.testng.internal.Invoker.invokeTestMethods(Invoker.java:1124)<br />
                      org.testng.internal.TestMethodWorker.invokeTestMethods(TestMethodWorker.java:125)<br />
                      org.testng.internal.TestMethodWorker.run(TestMethodWorker.java:108)<br />
                      org.testng.TestRunner.privateRun(TestRunner.java:774)<br />
                      org.testng.TestRunner.run(TestRunner.java:624)<br />
                      org.testng.SuiteRunner.runTest(SuiteRunner.java:359)<br />
                      org.testng.SuiteRunner.runSequentially(SuiteRunner.java:354)<br />
                      org.testng.SuiteRunner.privateRun(SuiteRunner.java:312)<br />
                      org.testng.SuiteRunner.run(SuiteRunner.java:261)<br />
                      org.testng.SuiteRunnerWorker.runSuite(SuiteRunnerWorker.java:52)<br />
                      org.testng.SuiteRunnerWorker.run(SuiteRunnerWorker.java:86)<br />
                      org.testng.TestNG.runSuitesSequentially(TestNG.java:1215)<br />
                      org.testng.TestNG.runSuitesLocally(TestNG.java:1140)<br />
                      org.testng.TestNG.run(TestNG.java:1048)<br />
                      org.testng.TestNG.privateMain(TestNG.java:1355)<br />
                      org.testng.TestNG.main(TestNG.java:1324)<br />
                  </div>
          </div>
      </td>
</tr>
      </table>


  
</body>
</html>
